<?xml version="1.0" encoding="UTF-8"?>
<testng-results skipped="0" failed="0" ignored="6" total="9" passed="3">
  <reporter-output>
  </reporter-output>
  <suite name="Suite" duration-ms="160" started-at="2019-06-20T12:41:10Z" finished-at="2019-06-20T12:41:10Z">
    <groups>
      <group name="Smoke">
        <method signature="day1.Demo2()[pri:0, instance:Test.day1@735b5592]" name="Demo2" class="Test.day1"/>
        <method signature="day2.trial3()[pri:0, instance:Test.day2@62ee68d8]" name="trial3" class="Test.day2"/>
        <method signature="day3.TrialCaseSecond()[pri:0, instance:Test.day3@9629756]" name="TrialCaseSecond" class="Test.day3"/>
      </group> <!-- Smoke -->
    </groups>
    <test name="Regression" duration-ms="160" started-at="2019-06-20T12:41:10Z" finished-at="2019-06-20T12:41:10Z">
      <class name="Test.day1">
        <test-method status="PASS" signature="Demo2()[pri:0, instance:Test.day1@735b5592]" name="Demo2" duration-ms="7" started-at="2019-06-20T12:41:10Z" finished-at="2019-06-20T12:41:10Z">
          <reporter-output>
          </reporter-output>
        </test-method> <!-- Demo2 -->
      </class> <!-- Test.day1 -->
      <class name="Test.day3">
        <test-method status="PASS" signature="TrialCaseSecond()[pri:0, instance:Test.day3@9629756]" name="TrialCaseSecond" duration-ms="50" started-at="2019-06-20T12:41:10Z" finished-at="2019-06-20T12:41:10Z">
          <reporter-output>
          </reporter-output>
        </test-method> <!-- TrialCaseSecond -->
      </class> <!-- Test.day3 -->
      <class name="Test.day2">
        <test-method status="PASS" signature="trial3()[pri:0, instance:Test.day2@62ee68d8]" name="trial3" duration-ms="6" started-at="2019-06-20T12:41:10Z" finished-at="2019-06-20T12:41:10Z">
          <reporter-output>
          </reporter-output>
        </test-method> <!-- trial3 -->
      </class> <!-- Test.day2 -->
    </test> <!-- Regression -->
  </suite> <!-- Suite -->
</testng-results>
