<?xml version="1.0" encoding="UTF-8"?>
<!-- Generated by org.testng.reporters.JUnitXMLReporter -->
<testsuite hostname="DESKTOP-CP4RQU0" ignored="0" name="Sample1 Test" tests="3" failures="0" timestamp="19 Jun 2019 11:54:00 GMT" time="0.066" errors="0">
  <testcase name="FirstTrialCase" time="0.011" classname="Test.day3"/>
  <testcase name="SecondTrialCase" time="0.005" classname="Test.day3"/>
  <testcase name="ThirdTrialCase" time="0.005" classname="Test.day3"/>
</testsuite> <!-- Sample1 Test -->
