<?xml version="1.0" encoding="UTF-8"?>
<!-- Generated by org.testng.reporters.JUnitXMLReporter -->
<testsuite hostname="DESKTOP-CP4RQU0" ignored="1" name="Sample Test" tests="3" failures="0" timestamp="20 Jun 2019 09:41:32 GMT" time="0.062" errors="0">
  <testcase name="Demo" time="0.011" classname="Test.day1"/>
  <testcase name="trial" time="0.003" classname="Test.day2"/>
  <testcase name="trial3" time="0.005" classname="Test.day2"/>
  <testcase name="Demo1" time="0.0" classname="Test.day1">
    <ignored/>
  </testcase> <!-- Demo1 -->
</testsuite> <!-- Sample Test -->
