<?xml version="1.0" encoding="UTF-8"?>
<!-- Generated by org.testng.reporters.JUnitXMLReporter -->
<testsuite hostname="DESKTOP-CP4RQU0" ignored="0" name="Default test" tests="9" failures="0" timestamp="20 Jun 2019 12:40:52 GMT" time="0.083" errors="0">
  <testcase name="Demo" time="0.007" classname="Test.day1"/>
  <testcase name="Demo1" time="0.004" classname="Test.day1"/>
  <testcase name="Demo2" time="0.007" classname="Test.day1"/>
  <testcase name="TrialCaseFirst" time="0.002" classname="Test.day3"/>
  <testcase name="TrialCaseSecond" time="0.002" classname="Test.day3"/>
  <testcase name="TrialCaseThird" time="0.001" classname="Test.day3"/>
  <testcase name="trial" time="0.001" classname="Test.day2"/>
  <testcase name="trial3" time="0.008" classname="Test.day2"/>
  <testcase name="trial4" time="0.002" classname="Test.day2"/>
</testsuite> <!-- Default test -->
