<?xml version="1.0" encoding="UTF-8"?>
<!-- Generated by org.testng.reporters.JUnitXMLReporter -->
<testsuite hostname="DESKTOP-CP4RQU0" ignored="6" name="Regression" tests="3" failures="0" timestamp="20 Jun 2019 12:41:10 GMT" time="0.16" errors="0">
  <testcase name="TrialCaseSecond" time="0.05" classname="Test.day3"/>
  <testcase name="trial3" time="0.006" classname="Test.day2"/>
  <testcase name="Demo2" time="0.007" classname="Test.day1"/>
  <testcase name="Demo" time="0.0" classname="Test.day1">
    <ignored/>
  </testcase> <!-- Demo -->
  <testcase name="TrialCaseThird" time="0.0" classname="Test.day3">
    <ignored/>
  </testcase> <!-- TrialCaseThird -->
  <testcase name="trial4" time="0.0" classname="Test.day2">
    <ignored/>
  </testcase> <!-- trial4 -->
  <testcase name="TrialCaseFirst" time="0.0" classname="Test.day3">
    <ignored/>
  </testcase> <!-- TrialCaseFirst -->
  <testcase name="trial" time="0.0" classname="Test.day2">
    <ignored/>
  </testcase> <!-- trial -->
  <testcase name="Demo1" time="0.0" classname="Test.day1">
    <ignored/>
  </testcase> <!-- Demo1 -->
</testsuite> <!-- Regression -->
